This file contains any messages produced by compilers while
running configure, to aid debugging if configure makes a mistake.

It was created by subversion configure 1.10.0, which was
generated by GNU Autoconf 2.69.  Invocation command line was

  $ ./configure 

## --------- ##
## Platform. ##
## --------- ##

hostname = mbusel-nb-ubunru
uname -m = x86_64
uname -r = 3.13.0-66-generic
uname -s = Linux
uname -v = #108-Ubuntu SMP Wed Oct 7 15:20:27 UTC 2015

/usr/bin/uname -p = unknown
/bin/uname -X     = unknown

/bin/arch              = unknown
/usr/bin/arch -k       = unknown
/usr/convex/getsysinfo = unknown
/usr/bin/hostinfo      = unknown
/bin/machine           = unknown
/usr/bin/oslevel       = unknown
/bin/universe          = unknown

PATH: /home/mbusel/miniconda/bin
PATH: /usr/local/sbin
PATH: /usr/local/bin
PATH: /usr/sbin
PATH: /usr/bin
PATH: /sbin
PATH: /bin
PATH: /usr/games
PATH: /usr/local/games
PATH: /home/mbusel/trunk/build/release/bin/
PATH: /home/mbusel/trunk/ybuild/release/bin/


## ----------- ##
## Core tests. ##
## ----------- ##

configure:2667: Configuring Subversion 1.10.0
configure:2686: creating config.nice
configure:2757: checking for gcc
configure:2773: found /usr/bin/gcc
configure:2784: result: gcc
configure:3013: checking for C compiler version
configure:3022: gcc --version >&5
gcc (Ubuntu 4.8.4-2ubuntu1~14.04) 4.8.4
Copyright (C) 2013 Free Software Foundation, Inc.
This is free software; see the source for copying conditions.  There is NO
warranty; not even for MERCHANTABILITY or FITNESS FOR A PARTICULAR PURPOSE.

configure:3033: $? = 0
configure:3022: gcc -v >&5
Using built-in specs.
COLLECT_GCC=gcc
COLLECT_LTO_WRAPPER=/usr/lib/gcc/x86_64-linux-gnu/4.8/lto-wrapper
Target: x86_64-linux-gnu
Configured with: ../src/configure -v --with-pkgversion='Ubuntu 4.8.4-2ubuntu1~14.04' --with-bugurl=file:///usr/share/doc/gcc-4.8/README.Bugs --enable-languages=c,c++,java,go,d,fortran,objc,obj-c++ --prefix=/usr --program-suffix=-4.8 --enable-shared --enable-linker-build-id --libexecdir=/usr/lib --without-included-gettext --enable-threads=posix --with-gxx-include-dir=/usr/include/c++/4.8 --libdir=/usr/lib --enable-nls --with-sysroot=/ --enable-clocale=gnu --enable-libstdcxx-debug --enable-libstdcxx-time=yes --enable-gnu-unique-object --disable-libmudflap --enable-plugin --with-system-zlib --disable-browser-plugin --enable-java-awt=gtk --enable-gtk-cairo --with-java-home=/usr/lib/jvm/java-1.5.0-gcj-4.8-amd64/jre --enable-java-home --with-jvm-root-dir=/usr/lib/jvm/java-1.5.0-gcj-4.8-amd64 --with-jvm-jar-dir=/usr/lib/jvm-exports/java-1.5.0-gcj-4.8-amd64 --with-arch-directory=amd64 --with-ecj-jar=/usr/share/java/eclipse-ecj.jar --enable-objc-gc --enable-multiarch --disable-werror --with-arch-32=i686 --with-abi=m64 --with-multilib-list=m32,m64,mx32 --with-tune=generic --enable-checking=release --build=x86_64-linux-gnu --host=x86_64-linux-gnu --target=x86_64-linux-gnu
Thread model: posix
gcc version 4.8.4 (Ubuntu 4.8.4-2ubuntu1~14.04) 
configure:3033: $? = 0
configure:3022: gcc -V >&5
gcc: error: unrecognized command line option '-V'
gcc: fatal error: no input files
compilation terminated.
configure:3033: $? = 4
configure:3022: gcc -qversion >&5
gcc: error: unrecognized command line option '-qversion'
gcc: fatal error: no input files
compilation terminated.
configure:3033: $? = 4
configure:3053: checking whether the C compiler works
configure:3075: gcc    conftest.c  >&5
configure:3079: $? = 0
configure:3127: result: yes
configure:3130: checking for C compiler default output file name
configure:3132: result: a.out
configure:3138: checking for suffix of executables
configure:3145: gcc -o conftest    conftest.c  >&5
configure:3149: $? = 0
configure:3171: result: 
configure:3193: checking whether we are cross compiling
configure:3201: gcc -o conftest    conftest.c  >&5
configure:3205: $? = 0
configure:3212: ./conftest
configure:3216: $? = 0
configure:3231: result: no
configure:3236: checking for suffix of object files
configure:3258: gcc -c   conftest.c >&5
configure:3262: $? = 0
configure:3283: result: o
configure:3287: checking whether we are using the GNU C compiler
configure:3306: gcc -c   conftest.c >&5
configure:3306: $? = 0
configure:3315: result: yes
configure:3324: checking whether gcc accepts -g
configure:3344: gcc -c -g  conftest.c >&5
configure:3344: $? = 0
configure:3385: result: yes
configure:3402: checking for gcc option to accept ISO C89
configure:3465: gcc  -c -g -O2  conftest.c >&5
configure:3465: $? = 0
configure:3478: result: none needed
configure:3512: checking if gcc accepts -std=c90
configure:3519: gcc -o conftest -std=c90    conftest.c  >&5
configure:3519: $? = 0
configure:3521: result: yes
configure:3634: checking if gcc accepts -w
configure:3641: gcc -o conftest -w    conftest.c  >&5
configure:3641: $? = 0
configure:3643: result: yes
configure:3683: checking if gcc accepts -Werror=unknown-warning-option
configure:3690: gcc -o conftest -Werror=unknown-warning-option -g -O2   conftest.c  >&5
cc1: error: -Werror=unknown-warning-option: no option -Wunknown-warning-option
configure:3690: $? = 1
configure: failed program was:
| /* confdefs.h */
| #define PACKAGE_NAME "subversion"
| #define PACKAGE_TARNAME "subversion"
| #define PACKAGE_VERSION "1.10.0"
| #define PACKAGE_STRING "subversion 1.10.0"
| #define PACKAGE_BUGREPORT "http://subversion.apache.org/"
| #define PACKAGE_URL ""
| /* end confdefs.h.  */
| int main(void){return 0;}
configure:3698: result: no
configure:3776: checking for g++
configure:3792: found /usr/bin/g++
configure:3803: result: g++
configure:3830: checking for C++ compiler version
configure:3839: g++ --version >&5
g++ (Ubuntu 4.8.4-2ubuntu1~14.04) 4.8.4
Copyright (C) 2013 Free Software Foundation, Inc.
This is free software; see the source for copying conditions.  There is NO
warranty; not even for MERCHANTABILITY or FITNESS FOR A PARTICULAR PURPOSE.

configure:3850: $? = 0
configure:3839: g++ -v >&5
Using built-in specs.
COLLECT_GCC=g++
COLLECT_LTO_WRAPPER=/usr/lib/gcc/x86_64-linux-gnu/4.8/lto-wrapper
Target: x86_64-linux-gnu
Configured with: ../src/configure -v --with-pkgversion='Ubuntu 4.8.4-2ubuntu1~14.04' --with-bugurl=file:///usr/share/doc/gcc-4.8/README.Bugs --enable-languages=c,c++,java,go,d,fortran,objc,obj-c++ --prefix=/usr --program-suffix=-4.8 --enable-shared --enable-linker-build-id --libexecdir=/usr/lib --without-included-gettext --enable-threads=posix --with-gxx-include-dir=/usr/include/c++/4.8 --libdir=/usr/lib --enable-nls --with-sysroot=/ --enable-clocale=gnu --enable-libstdcxx-debug --enable-libstdcxx-time=yes --enable-gnu-unique-object --disable-libmudflap --enable-plugin --with-system-zlib --disable-browser-plugin --enable-java-awt=gtk --enable-gtk-cairo --with-java-home=/usr/lib/jvm/java-1.5.0-gcj-4.8-amd64/jre --enable-java-home --with-jvm-root-dir=/usr/lib/jvm/java-1.5.0-gcj-4.8-amd64 --with-jvm-jar-dir=/usr/lib/jvm-exports/java-1.5.0-gcj-4.8-amd64 --with-arch-directory=amd64 --with-ecj-jar=/usr/share/java/eclipse-ecj.jar --enable-objc-gc --enable-multiarch --disable-werror --with-arch-32=i686 --with-abi=m64 --with-multilib-list=m32,m64,mx32 --with-tune=generic --enable-checking=release --build=x86_64-linux-gnu --host=x86_64-linux-gnu --target=x86_64-linux-gnu
Thread model: posix
gcc version 4.8.4 (Ubuntu 4.8.4-2ubuntu1~14.04) 
configure:3850: $? = 0
configure:3839: g++ -V >&5
g++: error: unrecognized command line option '-V'
g++: fatal error: no input files
compilation terminated.
configure:3850: $? = 4
configure:3839: g++ -qversion >&5
g++: error: unrecognized command line option '-qversion'
g++: fatal error: no input files
compilation terminated.
configure:3850: $? = 4
configure:3854: checking whether we are using the GNU C++ compiler
configure:3873: g++ -c   conftest.cpp >&5
configure:3873: $? = 0
configure:3882: result: yes
configure:3891: checking whether g++ accepts -g
configure:3911: g++ -c -g  conftest.cpp >&5
configure:3911: $? = 0
configure:3952: result: yes
configure:3989: checking if g++ accepts -std=c++98
configure:3996: g++ -o conftest -std=c++98    conftest.cpp  >&5
configure:3996: $? = 0
configure:3998: result: yes
configure:4033: checking if g++ accepts -w
configure:4040: g++ -o conftest -w    conftest.cpp  >&5
configure:4040: $? = 0
configure:4042: result: yes
configure:4082: checking if g++ accepts -Werror=unknown-warning-option
configure:4089: g++ -o conftest -Werror=unknown-warning-option -g -O2   conftest.cpp  >&5
cc1plus: error: -Werror=unknown-warning-option: no option -Wunknown-warning-option
configure:4089: $? = 1
configure: failed program was:
| /* confdefs.h */
| #define PACKAGE_NAME "subversion"
| #define PACKAGE_TARNAME "subversion"
| #define PACKAGE_VERSION "1.10.0"
| #define PACKAGE_STRING "subversion 1.10.0"
| #define PACKAGE_BUGREPORT "http://subversion.apache.org/"
| #define PACKAGE_URL ""
| /* end confdefs.h.  */
| int main(){}
configure:4097: result: no
configure:4121: checking how to run the C preprocessor
configure:4152: gcc -E  conftest.c
configure:4152: $? = 0
configure:4166: gcc -E  conftest.c
conftest.c:9:28: fatal error: ac_nonexistent.h: No such file or directory
 #include <ac_nonexistent.h>
                            ^
compilation terminated.
configure:4166: $? = 1
configure: failed program was:
| /* confdefs.h */
| #define PACKAGE_NAME "subversion"
| #define PACKAGE_TARNAME "subversion"
| #define PACKAGE_VERSION "1.10.0"
| #define PACKAGE_STRING "subversion 1.10.0"
| #define PACKAGE_BUGREPORT "http://subversion.apache.org/"
| #define PACKAGE_URL ""
| /* end confdefs.h.  */
| #include <ac_nonexistent.h>
configure:4191: result: gcc -E
configure:4211: gcc -E  conftest.c
configure:4211: $? = 0
configure:4225: gcc -E  conftest.c
conftest.c:9:28: fatal error: ac_nonexistent.h: No such file or directory
 #include <ac_nonexistent.h>
                            ^
compilation terminated.
configure:4225: $? = 1
configure: failed program was:
| /* confdefs.h */
| #define PACKAGE_NAME "subversion"
| #define PACKAGE_TARNAME "subversion"
| #define PACKAGE_VERSION "1.10.0"
| #define PACKAGE_STRING "subversion 1.10.0"
| #define PACKAGE_BUGREPORT "http://subversion.apache.org/"
| #define PACKAGE_URL ""
| /* end confdefs.h.  */
| #include <ac_nonexistent.h>
configure:4256: checking for a sed that does not truncate output
configure:4320: result: /bin/sed
configure:4331: checking build system type
configure:4345: result: x86_64-unknown-linux-gnu
configure:4365: checking host system type
configure:4378: result: x86_64-unknown-linux-gnu
configure:4398: checking target system type
configure:4411: result: x86_64-unknown-linux-gnu
configure:4439: checking for grep that handles long lines and -e
configure:4497: result: /bin/grep
configure:4502: checking for egrep
configure:4564: result: /bin/grep -E
configure:4570: checking whether ln -s works
configure:4574: result: yes
configure:4596: checking for a BSD-compatible install
configure:4664: result: /usr/bin/install -c
configure:4695: Apache Portable Runtime (APR) library configuration
configure:4723: checking for APR
configure:4799: result: no
configure:4804: WARNING: APR not found
configure:4815: error: no suitable APR found

## ---------------- ##
## Cache variables. ##
## ---------------- ##

ac_cv_build=x86_64-unknown-linux-gnu
ac_cv_c_compiler_gnu=yes
ac_cv_cxx_compiler_gnu=yes
ac_cv_env_CCC_set=
ac_cv_env_CCC_value=
ac_cv_env_CC_set=
ac_cv_env_CC_value=
ac_cv_env_CFLAGS_set=
ac_cv_env_CFLAGS_value=
ac_cv_env_CPPFLAGS_set=
ac_cv_env_CPPFLAGS_value=
ac_cv_env_CPP_set=
ac_cv_env_CPP_value=
ac_cv_env_CXXCPP_set=
ac_cv_env_CXXCPP_value=
ac_cv_env_CXXFLAGS_set=
ac_cv_env_CXXFLAGS_value=
ac_cv_env_CXX_set=
ac_cv_env_CXX_value=
ac_cv_env_LDFLAGS_set=
ac_cv_env_LDFLAGS_value=
ac_cv_env_LIBS_set=
ac_cv_env_LIBS_value=
ac_cv_env_build_alias_set=
ac_cv_env_build_alias_value=
ac_cv_env_host_alias_set=
ac_cv_env_host_alias_value=
ac_cv_env_target_alias_set=
ac_cv_env_target_alias_value=
ac_cv_host=x86_64-unknown-linux-gnu
ac_cv_objext=o
ac_cv_path_EGREP='/bin/grep -E'
ac_cv_path_GREP=/bin/grep
ac_cv_path_SED=/bin/sed
ac_cv_path_install='/usr/bin/install -c'
ac_cv_prog_CPP='gcc -E'
ac_cv_prog_ac_ct_CC=gcc
ac_cv_prog_ac_ct_CXX=g++
ac_cv_prog_cc_c89=
ac_cv_prog_cc_g=yes
ac_cv_prog_cxx_g=yes
ac_cv_target=x86_64-unknown-linux-gnu

## ----------------- ##
## Output variables. ##
## ----------------- ##

APACHE_INCLUDES=''
APACHE_LDFLAGS=''
APACHE_LIBEXECDIR=''
APXS=''
AR=''
AWK=''
BDB_TEST_DEPS=''
BDB_TEST_PROGRAMS=''
BUILD_RULES=''
CC='gcc'
CFLAGS='-g -O2'
CMAINTAINERFLAGS=''
CMODEFLAGS='-std=c90 '
CNOWARNFLAGS='-w '
CPP='gcc -E'
CPPFLAGS=''
CTYPESGEN=''
CUSERFLAGS=''
CXX='g++'
CXXCPP=''
CXXFLAGS='-g -O2'
CXXMAINTAINERFLAGS=''
CXXMODEFLAGS='-std=c++98 '
CXXNOWARNFLAGS='-w '
CXXUSERFLAGS=''
DEFS=''
DLLTOOL=''
DOXYGEN=''
DSYMUTIL=''
DUMPBIN=''
ECHO_C=''
ECHO_N='-n'
ECHO_T=''
EGREP='/bin/grep -E'
EXEEXT=''
FGREP=''
FIX_JAVAHL_LIB=''
GETTEXT_CODESET=''
GMOCK_SRCDIR=''
GREP='/bin/grep'
HTTPD_VERSION=''
INCLUDE_OUTPUTS=''
INSTALL_APACHE_MODS=''
INSTALL_DATA='${INSTALL} -m 644'
INSTALL_EXTRA_JAVAHL_LIB=''
INSTALL_PROGRAM='${INSTALL}'
INSTALL_RULES=''
INSTALL_SCRIPT='${INSTALL}'
INSTALL_STATIC_RULES=''
JAR=''
JAVA=''
JAVAC=''
JAVAC_COMPAT_FLAGS=''
JAVAC_FLAGS=''
JAVADOC=''
JAVAH=''
JAVAHL_COMPAT_TESTS_TARGET=''
JAVAHL_OBJDIR=''
JAVAHL_TESTS_TARGET=''
JAVA_CLASSPATH=''
JDK=''
JNI_INCLUDES=''
KDE4_CONFIG=''
LD=''
LDFLAGS=''
LIBOBJS=''
LIBS=''
LIBTOOL=''
LIPO=''
LN_S='ln -s'
LTLIBOBJS=''
LT_CFLAGS=''
LT_CXX_LIBADD=''
LT_LDFLAGS=''
LT_NO_UNDEFINED=''
MANIFEST_TOOL=''
MKDIR='/usr/bin/install -c -d'
MOD_ACTIVATION=''
MSGFMT=''
MSGFMTFLAGS=''
MSGMERGE=''
NM=''
NMEDIT=''
NO_GETTEXT_CODESET=''
OBJDUMP=''
OBJEXT='o'
OTOOL64=''
OTOOL=''
PACKAGE_BUGREPORT='http://subversion.apache.org/'
PACKAGE_NAME='subversion'
PACKAGE_STRING='subversion 1.10.0'
PACKAGE_TARNAME='subversion'
PACKAGE_URL=''
PACKAGE_VERSION='1.10.0'
PATH_SEPARATOR=':'
PERL=''
PKG_CONFIG=''
PYTHON=''
RANLIB=''
RDOC=''
RUBY=''
RUBY_MAJOR=''
RUBY_MINOR=''
RUBY_TEENY=''
SED='/bin/sed'
SHELL='/bin/bash'
STRIP=''
SVN_APRUTIL_CONFIG=''
SVN_APRUTIL_INCLUDES=''
SVN_APRUTIL_LIBS=''
SVN_APR_CONFIG=''
SVN_APR_INCLUDES=''
SVN_APR_LIBS=''
SVN_APR_MAJOR_VERSION=''
SVN_APR_MEMCACHE_INCLUDES=''
SVN_APR_MEMCACHE_LIBS=''
SVN_APR_SHLIB_PATH_VAR=''
SVN_BINDIR=''
SVN_CONFIG_SCRIPT_FILES=''
SVN_DB_INCLUDES=''
SVN_DB_LIBS=''
SVN_FS_LIB_DEPS=''
SVN_FS_LIB_INSTALL_DEPS=''
SVN_FS_LIB_LINK=''
SVN_GNOME_KEYRING_INCLUDES=''
SVN_GNOME_KEYRING_LIBS=''
SVN_HAVE_GPG_AGENT=''
SVN_INTL_LIBS=''
SVN_KWALLET_INCLUDES=''
SVN_KWALLET_LIBS=''
SVN_LIBTOOL=''
SVN_LT_SOVERSION=''
SVN_MAGIC_INCLUDES=''
SVN_MAGIC_LIBS=''
SVN_RA_LIB_DEPS=''
SVN_RA_LIB_INSTALL_DEPS=''
SVN_RA_LIB_LINK=''
SVN_SASL_INCLUDES=''
SVN_SASL_LIBS=''
SVN_SERF_INCLUDES=''
SVN_SERF_LIBS=''
SVN_SQLITE_INCLUDES=''
SVN_SQLITE_LIBS=''
SVN_USE_GMOCK=''
SVN_XML_INCLUDES=''
SVN_XML_LIBS=''
SVN_ZLIB_INCLUDES=''
SVN_ZLIB_LIBS=''
SWIG=''
SWIG_CPPFLAGS=''
SWIG_LDFLAGS=''
SWIG_PL_INCLUDES=''
SWIG_PY_COMPILE=''
SWIG_PY_INCLUDES=''
SWIG_PY_LIBS=''
SWIG_PY_LINK=''
SWIG_RB_COMPILE=''
SWIG_RB_INCLUDES=''
SWIG_RB_LIBS=''
SWIG_RB_LINK=''
SWIG_RB_SITE_ARCH_DIR=''
SWIG_RB_SITE_LIB_DIR=''
SWIG_RB_TEST_VERBOSE=''
TRANG=''
TRANSFORM_LIBTOOL_SCRIPTS=''
XGETTEXT=''
abs_builddir='/home/mbusel/Магистратура/UNIX/svn/subversion'
abs_srcdir='/home/mbusel/Магистратура/UNIX/svn/subversion'
ac_ct_AR=''
ac_ct_CC='gcc'
ac_ct_CXX='g++'
ac_ct_DUMPBIN=''
bindir='${exec_prefix}/bin'
build='x86_64-unknown-linux-gnu'
build_alias=''
build_cpu='x86_64'
build_os='linux-gnu'
build_vendor='unknown'
canonicalized_srcdir=''
datadir='${datarootdir}'
datarootdir='${prefix}/share'
docdir='${datarootdir}/doc/${PACKAGE_TARNAME}'
dvidir='${docdir}'
exec_prefix='NONE'
host='x86_64-unknown-linux-gnu'
host_alias=''
host_cpu='x86_64'
host_os='linux-gnu'
host_vendor='unknown'
htmldir='${docdir}'
includedir='${prefix}/include'
infodir='${datarootdir}/info'
libdir='${exec_prefix}/lib'
libexecdir='${exec_prefix}/libexec'
libsvn_auth_gnome_keyring_LDFLAGS=''
libsvn_auth_kwallet_LDFLAGS=''
libsvn_client_LDFLAGS=''
libsvn_delta_LDFLAGS=''
libsvn_diff_LDFLAGS=''
libsvn_fs_LDFLAGS=''
libsvn_fs_base_LDFLAGS=''
libsvn_fs_fs_LDFLAGS=''
libsvn_fs_util_LDFLAGS=''
libsvn_ra_LDFLAGS=''
libsvn_ra_local_LDFLAGS=''
libsvn_ra_serf_LDFLAGS=''
libsvn_ra_svn_LDFLAGS=''
libsvn_repos_LDFLAGS=''
libsvn_subr_LDFLAGS=''
libsvn_wc_LDFLAGS=''
localedir='${datarootdir}/locale'
localstatedir='${prefix}/var'
mandir='${datarootdir}/man'
oldincludedir='/usr/include'
pdfdir='${docdir}'
prefix='NONE'
program_transform_name='s,x,x,'
psdir='${docdir}'
sbindir='${exec_prefix}/sbin'
sharedstatedir='${prefix}/com'
sysconfdir='${prefix}/etc'
target='x86_64-unknown-linux-gnu'
target_alias=''
target_cpu='x86_64'
target_os='linux-gnu'
target_vendor='unknown'

## ----------- ##
## confdefs.h. ##
## ----------- ##

/* confdefs.h */
#define PACKAGE_NAME "subversion"
#define PACKAGE_TARNAME "subversion"
#define PACKAGE_VERSION "1.10.0"
#define PACKAGE_STRING "subversion 1.10.0"
#define PACKAGE_BUGREPORT "http://subversion.apache.org/"
#define PACKAGE_URL ""

configure: exit 1
